Determining if the pthread_create exist failed with the following output:
Change Dir: /home/ben/Planar-Grasping-Platform/scara_ws/build/CMakeFiles/CMakeTmp

Run Build Command:"/usr/bin/make" "cmTC_98db0/fast"
/usr/bin/make -f CMakeFiles/cmTC_98db0.dir/build.make CMakeFiles/cmTC_98db0.dir/build
make[1]: Entering directory '/home/ben/Planar-Grasping-Platform/scara_ws/build/CMakeFiles/CMakeTmp'
Building C object CMakeFiles/cmTC_98db0.dir/CheckSymbolExists.c.o
/usr/bin/cc     -o CMakeFiles/cmTC_98db0.dir/CheckSymbolExists.c.o   -c /home/ben/Planar-Grasping-Platform/scara_ws/build/CMakeFiles/CMakeTmp/CheckSymbolExists.c
Linking C executable cmTC_98db0
/usr/bin/cmake -E cmake_link_script CMakeFiles/cmTC_98db0.dir/link.txt --verbose=1
/usr/bin/cc       CMakeFiles/cmTC_98db0.dir/CheckSymbolExists.c.o  -o cmTC_98db0 -rdynamic 
CMakeFiles/cmTC_98db0.dir/CheckSymbolExists.c.o: In function `main':
CheckSymbolExists.c:(.text+0x16): undefined reference to `pthread_create'
collect2: error: ld returned 1 exit status
CMakeFiles/cmTC_98db0.dir/build.make:97: recipe for target 'cmTC_98db0' failed
make[1]: *** [cmTC_98db0] Error 1
make[1]: Leaving directory '/home/ben/Planar-Grasping-Platform/scara_ws/build/CMakeFiles/CMakeTmp'
Makefile:126: recipe for target 'cmTC_98db0/fast' failed
make: *** [cmTC_98db0/fast] Error 2

File /home/ben/Planar-Grasping-Platform/scara_ws/build/CMakeFiles/CMakeTmp/CheckSymbolExists.c:
/* */
#include <pthread.h>

int main(int argc, char** argv)
{
  (void)argv;
#ifndef pthread_create
  return ((int*)(&pthread_create))[argc];
#else
  (void)argc;
  return 0;
#endif
}

Determining if the function pthread_create exists in the pthreads failed with the following output:
Change Dir: /home/ben/Planar-Grasping-Platform/scara_ws/build/CMakeFiles/CMakeTmp

Run Build Command:"/usr/bin/make" "cmTC_61ec4/fast"
/usr/bin/make -f CMakeFiles/cmTC_61ec4.dir/build.make CMakeFiles/cmTC_61ec4.dir/build
make[1]: Entering directory '/home/ben/Planar-Grasping-Platform/scara_ws/build/CMakeFiles/CMakeTmp'
Building C object CMakeFiles/cmTC_61ec4.dir/CheckFunctionExists.c.o
/usr/bin/cc    -DCHECK_FUNCTION_EXISTS=pthread_create   -o CMakeFiles/cmTC_61ec4.dir/CheckFunctionExists.c.o   -c /usr/share/cmake-3.5/Modules/CheckFunctionExists.c
Linking C executable cmTC_61ec4
/usr/bin/cmake -E cmake_link_script CMakeFiles/cmTC_61ec4.dir/link.txt --verbose=1
/usr/bin/cc   -DCHECK_FUNCTION_EXISTS=pthread_create    CMakeFiles/cmTC_61ec4.dir/CheckFunctionExists.c.o  -o cmTC_61ec4 -rdynamic -lpthreads 
/usr/bin/ld: cannot find -lpthreads
collect2: error: ld returned 1 exit status
CMakeFiles/cmTC_61ec4.dir/build.make:97: recipe for target 'cmTC_61ec4' failed
make[1]: *** [cmTC_61ec4] Error 1
make[1]: Leaving directory '/home/ben/Planar-Grasping-Platform/scara_ws/build/CMakeFiles/CMakeTmp'
Makefile:126: recipe for target 'cmTC_61ec4/fast' failed
make: *** [cmTC_61ec4/fast] Error 2


